0 info it worked if it ends with ok
1 verbose cli [ 'node',
1 verbose cli   '/usr/local/bin/npm',
1 verbose cli   'install',
1 verbose cli   '-g',
1 verbose cli   'generator-globant-angular-seed' ]
2 info using npm@1.4.9
3 info using node@v0.10.28
4 verbose cache add [ 'generator-globant-angular-seed', null ]
5 verbose cache add name=undefined spec="generator-globant-angular-seed" args=["generator-globant-angular-seed",null]
6 verbose parsed url { protocol: null,
6 verbose parsed url   slashes: null,
6 verbose parsed url   auth: null,
6 verbose parsed url   host: null,
6 verbose parsed url   port: null,
6 verbose parsed url   hostname: null,
6 verbose parsed url   hash: null,
6 verbose parsed url   search: null,
6 verbose parsed url   query: null,
6 verbose parsed url   pathname: 'generator-globant-angular-seed',
6 verbose parsed url   path: 'generator-globant-angular-seed',
6 verbose parsed url   href: 'generator-globant-angular-seed' }
7 silly lockFile cbe05317-generator-globant-angular-seed generator-globant-angular-seed
8 verbose lock generator-globant-angular-seed /Users/dimitarjilanov/.npm/cbe05317-generator-globant-angular-seed.lock
9 silly lockFile cbe05317-generator-globant-angular-seed generator-globant-angular-seed
10 silly lockFile cbe05317-generator-globant-angular-seed generator-globant-angular-seed
11 verbose addNamed [ 'generator-globant-angular-seed', '' ]
12 verbose addNamed [ null, '*' ]
13 silly lockFile 70904c19-generator-globant-angular-seed generator-globant-angular-seed@
14 verbose lock generator-globant-angular-seed@ /Users/dimitarjilanov/.npm/70904c19-generator-globant-angular-seed.lock
15 silly addNameRange { name: 'generator-globant-angular-seed',
15 silly addNameRange   range: '*',
15 silly addNameRange   hasData: false }
16 verbose url raw generator-globant-angular-seed
17 verbose url resolving [ 'https://registry.npmjs.org/',
17 verbose url resolving   './generator-globant-angular-seed' ]
18 verbose url resolved https://registry.npmjs.org/generator-globant-angular-seed
19 info trying registry request attempt 1 at 16:40:24
20 http GET https://registry.npmjs.org/generator-globant-angular-seed
21 http 404 https://registry.npmjs.org/generator-globant-angular-seed
22 verbose headers { date: 'Wed, 16 Jul 2014 13:40:24 GMT',
22 verbose headers   server: 'CouchDB/1.5.0 (Erlang OTP/R16B03)',
22 verbose headers   'content-type': 'application/json',
22 verbose headers   'cache-control': 'max-age=0',
22 verbose headers   'content-length': '52',
22 verbose headers   'accept-ranges': 'bytes',
22 verbose headers   via: '1.1 varnish',
22 verbose headers   age: '0',
22 verbose headers   'x-served-by': 'cache-fra1226-FRA',
22 verbose headers   'x-cache': 'MISS',
22 verbose headers   'x-cache-hits': '0',
22 verbose headers   'x-timer': 'S1405518024.458721,VS0,VE173',
22 verbose headers   'keep-alive': 'timeout=10, max=50',
22 verbose headers   connection: 'Keep-Alive' }
23 silly registry.get cb [ 404,
23 silly registry.get   { date: 'Wed, 16 Jul 2014 13:40:24 GMT',
23 silly registry.get     server: 'CouchDB/1.5.0 (Erlang OTP/R16B03)',
23 silly registry.get     'content-type': 'application/json',
23 silly registry.get     'cache-control': 'max-age=0',
23 silly registry.get     'content-length': '52',
23 silly registry.get     'accept-ranges': 'bytes',
23 silly registry.get     via: '1.1 varnish',
23 silly registry.get     age: '0',
23 silly registry.get     'x-served-by': 'cache-fra1226-FRA',
23 silly registry.get     'x-cache': 'MISS',
23 silly registry.get     'x-cache-hits': '0',
23 silly registry.get     'x-timer': 'S1405518024.458721,VS0,VE173',
23 silly registry.get     'keep-alive': 'timeout=10, max=50',
23 silly registry.get     connection: 'Keep-Alive' } ]
24 silly lockFile 70904c19-generator-globant-angular-seed generator-globant-angular-seed@
25 silly lockFile 70904c19-generator-globant-angular-seed generator-globant-angular-seed@
26 error 404 404 Not Found: generator-globant-angular-seed
26 error 404
26 error 404 'generator-globant-angular-seed' is not in the npm registry.
26 error 404 You should bug the author to publish it
26 error 404
26 error 404 Note that you can also install from a
26 error 404 tarball, folder, or http url, or git url.
27 error System Darwin 13.3.0
28 error command "node" "/usr/local/bin/npm" "install" "-g" "generator-globant-angular-seed"
29 error cwd /Users/dimitarjilanov/Documents/glow-expenses/GlowExpense
30 error node -v v0.10.28
31 error npm -v 1.4.9
32 error code E404
33 verbose exit [ 1, true ]
